<?xml version="1.0" encoding="UTF-8"?>
<!-- Generated by org.testng.reporters.JUnitReportReporter -->
<testsuite hostname="LAPTOP-ACMN0U9R" failures="0" tests="2" name="regressionsuite.TestNG_TestClass2" time="0.003" errors="0" timestamp="2021-12-28T14:53:10 CET" skipped="0">
  <testcase classname="regressionsuite.TestNG_TestClass2" name="TestMethod1" time="0.001"/>
  <system-out/>
  <testcase classname="regressionsuite.TestNG_TestClass2" name="TestMethod2" time="0.002"/>
  <system-out/>
</testsuite> <!-- regressionsuite.TestNG_TestClass2 -->
