<?xml version="1.0" encoding="UTF-8"?>
<!-- Generated by org.testng.reporters.JUnitReportReporter -->
<testsuite hostname="LAPTOP-ACMN0U9R" failures="0" tests="3" name="testclasses.TestNG_Asserts" time="0.026" errors="0" timestamp="2021-12-13T17:02:15 CET" skipped="0">
  <testcase classname="testclasses.TestNG_Asserts" name="testSum" time="0.002"/>
  <system-out/>
  <testcase classname="testclasses.TestNG_Asserts" name="testStrings" time="0.003"/>
  <system-out/>
  <testcase classname="testclasses.TestNG_Asserts" name="testArrays" time="0.021"/>
  <system-out/>
</testsuite> <!-- testclasses.TestNG_Asserts -->
