<?xml version="1.0" encoding="UTF-8"?>
<!-- Generated by org.testng.reporters.JUnitReportReporter -->
<testsuite hostname="LAPTOP-ACMN0U9R" failures="0" tests="2" name="testclasses.TestNG_TestClass2" time="0.004" errors="0" timestamp="2021-12-17T11:56:20 CET" skipped="0">
  <testcase classname="testclasses.TestNG_TestClass2" name="TestMethod1" time="0.002"/>
  <system-out/>
  <testcase classname="testclasses.TestNG_TestClass2" name="TestMethod2" time="0.002"/>
  <system-out/>
</testsuite> <!-- testclasses.TestNG_TestClass2 -->
