<?xml version="1.0" encoding="UTF-8"?>
<!-- Generated by org.testng.reporters.JUnitReportReporter -->
<testsuite hostname="LAPTOP-ACMN0U9R" failures="0" tests="3" name="testclasses.TestAnnotation" time="0.008" errors="0" timestamp="2021-12-13T15:45:02 CET" skipped="0">
  <testcase classname="testclasses.TestAnnotation" name="testMethod2" time="0.001"/>
  <system-out/>
  <testcase classname="testclasses.TestAnnotation" name="testMethod3" time="0.001"/>
  <system-out/>
  <testcase classname="testclasses.TestAnnotation" name="testMethod1" time="0.006"/>
  <system-out/>
</testsuite> <!-- testclasses.TestAnnotation -->
