<?xml version="1.0" encoding="UTF-8"?>
<!-- Generated by org.testng.reporters.JUnitReportReporter -->
<testsuite hostname="LAPTOP-ACMN0U9R" failures="0" tests="2" name="testclasses.TestNG_BeforeClassAnnotations" time="0.015" errors="0" timestamp="2021-12-13T17:23:13 CET" skipped="0">
  <testcase classname="testclasses.TestNG_BeforeClassAnnotations" name="TestMethod1" time="0.013"/>
  <system-out/>
  <testcase classname="testclasses.TestNG_BeforeClassAnnotations" name="TestMethod2" time="0.002"/>
  <system-out/>
</testsuite> <!-- testclasses.TestNG_BeforeClassAnnotations -->
